2026-01-16 00:42:49.121333,INTUCH,Fetch Error,Empty data returned
2026-01-16 00:44:22.304385,INTUCH,Fetch Error,Empty data returned
2026-01-16 00:44:52.587815,BFIT,Fetch Error,Empty data returned
2026-01-16 00:45:21.005979,BKI,Fetch Error,Empty data returned
2026-01-16 00:46:00.652238,BROOK,Fetch Error,Empty data returned
2026-01-16 00:46:51.176827,BFIT,Fetch Error,Empty data returned
2026-01-16 00:47:16.909864,BKI,Fetch Error,Empty data returned
2026-01-16 00:47:52.107070,ECL,Fetch Error,Empty data returned
2026-01-16 00:47:53.876565,BROOK,Fetch Error,Empty data returned
2026-01-16 00:48:18.791516,ESSO,Fetch Error,Empty data returned
2026-01-16 00:49:10.562168,FSS,Fetch Error,Empty data returned
2026-01-16 00:49:40.555058,GIFT,Fetch Error,Empty data returned
2026-01-16 00:49:44.706304,ECL,Fetch Error,Empty data returned
2026-01-16 00:50:04.273800,GL,Fetch Error,Empty data returned
2026-01-16 00:50:18.403885,ESSO,Fetch Error,Empty data returned
2026-01-16 00:50:59.701277,FSS,Fetch Error,Empty data returned
2026-01-16 00:51:16.925248,JKN,Fetch Error,Empty data returned
2026-01-16 00:51:36.008824,GIFT,Fetch Error,Empty data returned
2026-01-16 00:51:48.890503,JWD,Fetch Error,Empty data returned
2026-01-16 00:52:00.154007,GL,Fetch Error,Empty data returned
2026-01-16 00:52:27.726970,KMPP,Fetch Error,Empty data returned
2026-01-16 00:52:57.602329,L,Fetch Error,Empty data returned
2026-01-16 00:53:11.601552,JKN,Fetch Error,Empty data returned
2026-01-16 00:53:38.893224,MACO,Fetch Error,Empty data returned
2026-01-16 00:53:41.915800,JWD,Fetch Error,Empty data returned
2026-01-16 00:54:19.973815,KMPP,Fetch Error,Empty data returned
2026-01-16 00:54:34.568145,MPIC,Fetch Error,Empty data returned
2026-01-16 00:54:49.806079,L,Fetch Error,Empty data returned
2026-01-16 00:55:19.409843,NINE,Fetch Error,Empty data returned
2026-01-16 00:55:32.605156,MACO,Fetch Error,Empty data returned
2026-01-16 00:55:45.556407,NOK,Fetch Error,Empty data returned
2026-01-16 00:56:07.734935,NPPG,Fetch Error,Empty data returned
2026-01-16 00:56:30.331660,MPIC,Fetch Error,Empty data returned
2026-01-16 00:56:41.009440,OISHI,Fetch Error,Empty data returned
2026-01-16 00:57:06.552477,OTO,Fetch Error,Empty data returned
2026-01-16 00:57:11.046807,NINE,Fetch Error,Empty data returned
2026-01-16 00:57:37.000143,NOK,Fetch Error,Empty data returned
2026-01-16 00:57:38.757525,PE,Fetch Error,Empty data returned
2026-01-16 00:57:59.187163,NPPG,Fetch Error,Empty data returned
2026-01-16 00:58:20.585940,POLAR,Fetch Error,Empty data returned
2026-01-16 00:58:36.083949,OISHI,Fetch Error,Empty data returned
2026-01-16 00:58:43.081911,POMPUI,Fetch Error,Empty data returned
2026-01-16 00:59:03.546175,OTO,Fetch Error,Empty data returned
2026-01-16 00:59:07.368446,POST,Fetch Error,Empty data returned
2026-01-16 00:59:40.484494,PE,Fetch Error,Empty data returned
2026-01-16 00:59:51.115494,PRO,Fetch Error,Empty data returned
2026-01-16 01:00:22.665728,POLAR,Fetch Error,Empty data returned
2026-01-16 01:00:45.690308,POMPUI,Fetch Error,Empty data returned
2026-01-16 01:01:02.577452,SAFARI,Fetch Error,Empty data returned
2026-01-16 01:01:03.460547,POST,Fetch Error,Empty data returned
2026-01-16 01:01:36.285353,SBNEXT,Fetch Error,Empty data returned
2026-01-16 01:01:37.724291,PRO,Fetch Error,Empty data returned
2026-01-16 01:01:58.186150,SBPU,Fetch Error,Empty data returned
2026-01-16 01:02:41.672781,SFP,Fetch Error,Empty data returned
2026-01-16 01:02:42.886421,SAFARI,Fetch Error,Empty data returned
2026-01-16 01:03:05.283216,SIGMA,Fetch Error,Empty data returned
2026-01-16 01:03:17.106316,SBNEXT,Fetch Error,Empty data returned
2026-01-16 01:03:27.014965,SINEA,Fetch Error,Empty data returned
2026-01-16 01:03:38.866758,SBPU,Fetch Error,Empty data returned
2026-01-16 01:03:54.216963,SLM,Fetch Error,Empty data returned
2026-01-16 01:04:12.043619,SM,Fetch Error,Empty data returned
2026-01-16 01:04:18.922304,SFP,Fetch Error,Empty data returned
2026-01-16 01:04:34.884827,SMD,Fetch Error,Empty data returned
2026-01-16 01:04:47.090740,SIGMA,Fetch Error,Empty data returned
2026-01-16 01:04:59.161420,SMK,Fetch Error,Empty data returned
2026-01-16 01:05:09.282799,SINEA,Fetch Error,Empty data returned
2026-01-16 01:05:45.120385,SLM,Fetch Error,Empty data returned
2026-01-16 01:05:47.291657,SSC,Fetch Error,Empty data returned
2026-01-16 01:06:08.325048,SM,Fetch Error,Empty data returned
2026-01-16 01:06:16.396219,STAR,Fetch Error,Empty data returned
2026-01-16 01:06:31.386151,SMD,Fetch Error,Empty data returned
2026-01-16 01:06:38.517979,STARK,Fetch Error,Empty data returned
2026-01-16 01:06:55.106828,SMK,Fetch Error,Empty data returned
2026-01-16 01:07:04.804091,STEC,Fetch Error,Empty data returned
2026-01-16 01:07:28.748755,STHAI,Fetch Error,Empty data returned
2026-01-16 01:07:39.504558,SSC,Fetch Error,Empty data returned
2026-01-16 01:08:10.755172,STAR,Fetch Error,Empty data returned
2026-01-16 01:08:22.327819,TAKSUNI,Fetch Error,Empty data returned
2026-01-16 01:08:33.168809,STARK,Fetch Error,Empty data returned
2026-01-16 01:08:48.818117,TCCC,Fetch Error,Empty data returned
2026-01-16 01:08:56.660541,STEC,Fetch Error,Empty data returned
2026-01-16 01:09:19.769099,STHAI,Fetch Error,Empty data returned
2026-01-16 01:09:35.491583,THL,Fetch Error,Empty data returned
2026-01-16 01:10:06.624243,TAKSUNI,Fetch Error,Empty data returned
2026-01-16 01:10:32.535095,TCCC,Fetch Error,Empty data returned
2026-01-16 01:11:10.970108,TVD,Fetch Error,Empty data returned
2026-01-16 01:11:18.988212,THL,Fetch Error,Empty data returned
2026-01-16 01:11:34.577812,TVI,Fetch Error,Empty data returned
2026-01-16 01:12:03.554705,U,Fetch Error,Empty data returned
2026-01-16 01:12:34.455874,UPA,Fetch Error,Empty data returned
2026-01-16 01:12:45.839672,TVD,Fetch Error,Empty data returned
2026-01-16 01:13:01.063020,UT,Fetch Error,Empty data returned
2026-01-16 01:13:09.546518,TVI,Fetch Error,Empty data returned
2026-01-16 01:13:38.407691,U,Fetch Error,Empty data returned
2026-01-16 01:13:48.859370,II,Fetch Error,Empty data returned
2026-01-16 01:14:12.994623,UPA,Fetch Error,Empty data returned
2026-01-16 01:14:38.991009,UT,Fetch Error,Empty data returned
2026-01-16 01:15:23.827395,II,Fetch Error,Empty data returned
